This is pdfTeX, Version 3.1415926-2.3-1.40.12 (MiKTeX 2.9) (preloaded format=pdflatex 2012.4.13)  12 OCT 2012 20:47
entering extended mode
**Thesis.tex
(C:\Users\André\Dropbox\Masterarbeit\Thesis\Thesis.tex
LaTeX2e <2009/09/24>
Babel <v3.8l> and hyphenation patterns for english, afrikaans, ancientgreek, ar
abic, armenian, assamese, basque, bengali, bokmal, bulgarian, catalan, coptic, 
croatian, czech, danish, dutch, esperanto, estonian, farsi, finnish, french, ga
lician, german, german-x-2009-06-19, greek, gujarati, hindi, hungarian, iceland
ic, indonesian, interlingua, irish, italian, kannada, kurmanji, lao, latin, lat
vian, lithuanian, malayalam, marathi, mongolian, mongolianlmc, monogreek, ngerm
an, ngerman-x-2009-06-19, nynorsk, oriya, panjabi, pinyin, polish, portuguese, 
romanian, russian, sanskrit, serbian, slovak, slovenian, spanish, swedish, swis
sgerman, tamil, telugu, turkish, turkmen, ukenglish, ukrainian, uppersorbian, u
senglishmax, welsh, loaded.
("C:\Program Files (x86)\MiKTeX 2.9\tex\latex\koma-script\scrreprt.cls"
Document Class: scrreprt 2011/04/02 v3.09 KOMA-Script document class (report)
("C:\Program Files (x86)\MiKTeX 2.9\tex\latex\koma-script\scrkbase.sty"
Package: scrkbase 2011/04/02 v3.09 KOMA-Script package (KOMA-Script-dependent b
asics and keyval usage)

("C:\Program Files (x86)\MiKTeX 2.9\tex\latex\koma-script\scrbase.sty"
Package: scrbase 2011/04/02 v3.09 KOMA-Script package (KOMA-Script-independent 
basics and keyval usage)

("C:\Program Files (x86)\MiKTeX 2.9\tex\latex\graphics\keyval.sty"
Package: keyval 1999/03/16 v1.13 key=value parser (DPC)
\KV@toks@=\toks14
)
("C:\Program Files (x86)\MiKTeX 2.9\tex\latex\koma-script\scrlfile.sty"
Package: scrlfile 2011/03/09 v3.09 KOMA-Script package (loading files)

Package scrlfile, 2011/03/09 v3.09 KOMA-Script package (loading files)
                  Copyright (C) Markus Kohm

))) ("C:\Program Files (x86)\MiKTeX 2.9\tex\latex\koma-script\tocbasic.sty"
Package: tocbasic 2011/03/23 v3.09 KOMA-Script package (handling toc-files)
)
Package tocbasic Info: omitting babel extension for `toc'
(tocbasic)             because of feature `nobabel' available
(tocbasic)             for `toc' on input line 117.
Package tocbasic Info: omitting babel extension for `lof'
(tocbasic)             because of feature `nobabel' available
(tocbasic)             for `lof' on input line 118.
Package tocbasic Info: omitting babel extension for `lot'
(tocbasic)             because of feature `nobabel' available
(tocbasic)             for `lot' on input line 119.
Package scrreprt Info: You've used obsolete option `12pt'.
(scrreprt)             \KOMAExecuteOptions{fontsize=12pt} will be
(scrreprt)             used instead.
(scrreprt)             You may simply replace `12pt'
(scrreprt)             by `fontsize=12pt'.
Class scrreprt Info: File `scrsize12pt.clo' used to setup font sizes on input l
ine 1346.

("C:\Program Files (x86)\MiKTeX 2.9\tex\latex\koma-script\scrsize12pt.clo"
File: scrsize12pt.clo 2011/04/02 v3.09 KOMA-Script font size class option (12pt
)
)
("C:\Program Files (x86)\MiKTeX 2.9\tex\latex\koma-script\typearea.sty"
Package: typearea 2011/04/02 v3.09 KOMA-Script package (type area)

Package typearea, 2011/04/02 v3.09 KOMA-Script package (type area)
                  Copyright (C) Frank Neukam, 1992-1994
                  Copyright (C) Markus Kohm, 1994-

\ta@bcor=\skip41
\ta@div=\count79
Package typearea Info: You've used standard option `a4paper'.
(typearea)             This is correct!
(typearea)             Internally I'm using `paper=a4'.
(typearea)             If you'd like to set the option with \KOMAoptions,
(typearea)             you'd have to use `paper=a4' there
(typearea)             instead of `a4paper', too.
\ta@hblk=\skip42
\ta@vblk=\skip43
\ta@temp=\skip44
Package typearea Info: These are the values describing the layout:
(typearea)             DIV  = 12
(typearea)             BCOR = 0.0pt
(typearea)             \paperwidth      = 597.50793pt
(typearea)              \textwidth      = 448.13095pt
(typearea)              DIV departure   = -6%
(typearea)              \evensidemargin = 2.4185pt
(typearea)              \oddsidemargin  = 2.4185pt
(typearea)             \paperheight     = 845.04694pt
(typearea)              \textheight     = 635.5pt
(typearea)              \topmargin      = -41.72441pt
(typearea)              \headheight     = 18.125pt
(typearea)              \headsep        = 21.75pt
(typearea)              \topskip        = 12.0pt
(typearea)              \footskip       = 50.75pt
(typearea)              \baselineskip   = 14.5pt
(typearea)              on input line 1138.
)
\c@part=\count80
\c@chapter=\count81
\c@section=\count82
\c@subsection=\count83
\c@subsubsection=\count84
\c@paragraph=\count85
\c@subparagraph=\count86
\abovecaptionskip=\skip45
\belowcaptionskip=\skip46
\c@pti@nb@sid@b@x=\box26
\c@figure=\count87
\c@table=\count88
\bibindent=\dimen102
) ("C:\Program Files (x86)\MiKTeX 2.9\tex\latex\base\inputenc.sty"
Package: inputenc 2008/03/30 v1.1d Input encoding file
\inpenc@prehook=\toks15
\inpenc@posthook=\toks16

("C:\Program Files (x86)\MiKTeX 2.9\tex\latex\base\latin1.def"
File: latin1.def 2008/03/30 v1.1d Input encoding file
))
("C:\Program Files (x86)\MiKTeX 2.9\tex\latex\base\fontenc.sty"
Package: fontenc 2005/09/27 v1.99g Standard LaTeX package

("C:\Program Files (x86)\MiKTeX 2.9\tex\latex\base\t1enc.def"
File: t1enc.def 2005/09/27 v1.99g Standard LaTeX file
LaTeX Font Info:    Redeclaring font encoding T1 on input line 43.
))
("C:\Program Files (x86)\MiKTeX 2.9\tex\latex\german\ngerman.sty"
v2.5e 1998-07-08
Package: ngerman 1998/07/08 v2.5e Support for writing german texts (br)
\grmnU@D=\dimen103
ngerman -- \language number for naustrian undefined, default 44 used.
)
("C:\Program Files (x86)\MiKTeX 2.9\tex\generic\oberdiek\hyphsubst.sty"
Package: hyphsubst 2008/06/09 v0.2 Substitute hyphenation patterns (HO)

("C:\Program Files (x86)\MiKTeX 2.9\tex\generic\oberdiek\infwarerr.sty"
Package: infwarerr 2010/04/08 v1.3 Providing info/warning/message (HO)
)
Package hyphsubst Info: Redefined: \l@ngerman
(hyphsubst)             old value: 44
(hyphsubst)             new value: 45
(hyphsubst)             \language updated on input line 223.
)
("C:\Program Files (x86)\MiKTeX 2.9\tex\latex\ams\math\amsmath.sty"
Package: amsmath 2000/07/18 v2.13 AMS math features
\@mathmargin=\skip47

For additional information on amsmath, use the `?' option.
("C:\Program Files (x86)\MiKTeX 2.9\tex\latex\ams\math\amstext.sty"
Package: amstext 2000/06/29 v2.01

("C:\Program Files (x86)\MiKTeX 2.9\tex\latex\ams\math\amsgen.sty"
File: amsgen.sty 1999/11/30 v2.0
\@emptytoks=\toks17
\ex@=\dimen104
))
("C:\Program Files (x86)\MiKTeX 2.9\tex\latex\ams\math\amsbsy.sty"
Package: amsbsy 1999/11/29 v1.2d
\pmbraise@=\dimen105
)
("C:\Program Files (x86)\MiKTeX 2.9\tex\latex\ams\math\amsopn.sty"
Package: amsopn 1999/12/14 v2.01 operator names
)
\inf@bad=\count89
LaTeX Info: Redefining \frac on input line 211.
\uproot@=\count90
\leftroot@=\count91
LaTeX Info: Redefining \overline on input line 307.
\classnum@=\count92
\DOTSCASE@=\count93
LaTeX Info: Redefining \ldots on input line 379.
LaTeX Info: Redefining \dots on input line 382.
LaTeX Info: Redefining \cdots on input line 467.
\Mathstrutbox@=\box27
\strutbox@=\box28
\big@size=\dimen106
LaTeX Font Info:    Redeclaring font encoding OML on input line 567.
LaTeX Font Info:    Redeclaring font encoding OMS on input line 568.
\macc@depth=\count94
\c@MaxMatrixCols=\count95
\dotsspace@=\muskip10
\c@parentequation=\count96
\dspbrk@lvl=\count97
\tag@help=\toks18
\row@=\count98
\column@=\count99
\maxfields@=\count100
\andhelp@=\toks19
\eqnshift@=\dimen107
\alignsep@=\dimen108
\tagshift@=\dimen109
\tagwidth@=\dimen110
\totwidth@=\dimen111
\lineht@=\dimen112
\@envbody=\toks20
\multlinegap=\skip48
\multlinetaggap=\skip49
\mathdisplay@stack=\toks21
LaTeX Info: Redefining \[ on input line 2666.
LaTeX Info: Redefining \] on input line 2667.
)
("C:\Program Files (x86)\MiKTeX 2.9\tex\latex\amsfonts\amsfonts.sty"
Package: amsfonts 2009/06/22 v3.00 Basic AMSFonts support
\symAMSa=\mathgroup4
\symAMSb=\mathgroup5
LaTeX Font Info:    Overwriting math alphabet `\mathfrak' in version `bold'
(Font)                  U/euf/m/n --> U/euf/b/n on input line 96.
)
("C:\Program Files (x86)\MiKTeX 2.9\tex\latex\amsfonts\amssymb.sty"
Package: amssymb 2009/06/22 v3.00
)
("C:\Program Files (x86)\MiKTeX 2.9\tex\latex\pgf\basiclayer\pgf.sty"
("C:\Program Files (x86)\MiKTeX 2.9\tex\latex\pgf\utilities\pgfrcs.sty"
("C:\Program Files (x86)\MiKTeX 2.9\tex\generic\pgf\utilities\pgfutil-common.te
x"
\pgfutil@everybye=\toks22
)
("C:\Program Files (x86)\MiKTeX 2.9\tex\generic\pgf\utilities\pgfutil-latex.def
"
\pgfutil@abb=\box29
 ("C:\Program Files (x86)\MiKTeX 2.9\tex\latex\ms\everyshi.sty"
Package: everyshi 2001/05/15 v3.00 EveryShipout Package (MS)
))
("C:\Program Files (x86)\MiKTeX 2.9\tex\generic\pgf\utilities\pgfrcs.code.tex"
Package: pgfrcs 2010/10/25 v2.10 (rcs-revision 1.24)
))
Package: pgf 2008/01/15 v2.10 (rcs-revision 1.12)
 ("C:\Program Files (x86)\MiKTeX 2.9\tex\latex\pgf\basiclayer\pgfcore.sty"
("C:\Program Files (x86)\MiKTeX 2.9\tex\latex\graphics\graphicx.sty"
Package: graphicx 1999/02/16 v1.0f Enhanced LaTeX Graphics (DPC,SPQR)

("C:\Program Files (x86)\MiKTeX 2.9\tex\latex\graphics\graphics.sty"
Package: graphics 2009/02/05 v1.0o Standard LaTeX Graphics (DPC,SPQR)

("C:\Program Files (x86)\MiKTeX 2.9\tex\latex\graphics\trig.sty"
Package: trig 1999/03/16 v1.09 sin cos tan (DPC)
)
("C:\Program Files (x86)\MiKTeX 2.9\tex\latex\00miktex\graphics.cfg"
File: graphics.cfg 2007/01/18 v1.5 graphics configuration of teTeX/TeXLive
)
Package graphics Info: Driver file: pdftex.def on input line 91.

("C:\Program Files (x86)\MiKTeX 2.9\tex\latex\pdftex-def\pdftex.def"
File: pdftex.def 2011/05/27 v0.06d Graphics/color for pdfTeX

("C:\Program Files (x86)\MiKTeX 2.9\tex\generic\oberdiek\ltxcmds.sty"
Package: ltxcmds 2011/04/18 v1.20 LaTeX kernel commands for general use (HO)
)
\Gread@gobject=\count101
))
\Gin@req@height=\dimen113
\Gin@req@width=\dimen114
)
("C:\Program Files (x86)\MiKTeX 2.9\tex\latex\pgf\systemlayer\pgfsys.sty"
("C:\Program Files (x86)\MiKTeX 2.9\tex\generic\pgf\systemlayer\pgfsys.code.tex
"
Package: pgfsys 2010/06/30 v2.10 (rcs-revision 1.37)
 ("C:\Program Files (x86)\MiKTeX 2.9\tex\generic\pgf\utilities\pgfkeys.code.tex
"
\pgfkeys@pathtoks=\toks23
\pgfkeys@temptoks=\toks24

("C:\Program Files (x86)\MiKTeX 2.9\tex\generic\pgf\utilities\pgfkeysfiltered.c
ode.tex"
\pgfkeys@tmptoks=\toks25
))
\pgf@x=\dimen115
\pgf@y=\dimen116
\pgf@xa=\dimen117
\pgf@ya=\dimen118
\pgf@xb=\dimen119
\pgf@yb=\dimen120
\pgf@xc=\dimen121
\pgf@yc=\dimen122
\w@pgf@writea=\write3
\r@pgf@reada=\read1
\c@pgf@counta=\count102
\c@pgf@countb=\count103
\c@pgf@countc=\count104
\c@pgf@countd=\count105

("C:\Program Files (x86)\MiKTeX 2.9\tex\generic\pgf\systemlayer\pgf.cfg"
File: pgf.cfg 2008/05/14  (rcs-revision 1.7)
)
Package pgfsys Info: Driver file for pgf: pgfsys-pdftex.def on input line 900.

("C:\Program Files (x86)\MiKTeX 2.9\tex\generic\pgf\systemlayer\pgfsys-pdftex.d
ef"
File: pgfsys-pdftex.def 2009/05/22  (rcs-revision 1.26)

("C:\Program Files (x86)\MiKTeX 2.9\tex\generic\pgf\systemlayer\pgfsys-common-p
df.def"
File: pgfsys-common-pdf.def 2008/05/19  (rcs-revision 1.10)
)))
("C:\Program Files (x86)\MiKTeX 2.9\tex\generic\pgf\systemlayer\pgfsyssoftpath.
code.tex"
File: pgfsyssoftpath.code.tex 2008/07/18  (rcs-revision 1.7)
\pgfsyssoftpath@smallbuffer@items=\count106
\pgfsyssoftpath@bigbuffer@items=\count107
)
("C:\Program Files (x86)\MiKTeX 2.9\tex\generic\pgf\systemlayer\pgfsysprotocol.
code.tex"
File: pgfsysprotocol.code.tex 2006/10/16  (rcs-revision 1.4)
)) ("C:\Program Files (x86)\MiKTeX 2.9\tex\latex\xcolor\xcolor.sty"
Package: xcolor 2007/01/21 v2.11 LaTeX color extensions (UK)

("C:\Program Files (x86)\MiKTeX 2.9\tex\latex\00miktex\color.cfg"
File: color.cfg 2007/01/18 v1.5 color configuration of teTeX/TeXLive
)
Package xcolor Info: Driver file: pdftex.def on input line 225.
Package xcolor Info: Model `cmy' substituted by `cmy0' on input line 1337.
Package xcolor Info: Model `hsb' substituted by `rgb' on input line 1341.
Package xcolor Info: Model `RGB' extended on input line 1353.
Package xcolor Info: Model `HTML' substituted by `rgb' on input line 1355.
Package xcolor Info: Model `Hsb' substituted by `hsb' on input line 1356.
Package xcolor Info: Model `tHsb' substituted by `hsb' on input line 1357.
Package xcolor Info: Model `HSB' substituted by `hsb' on input line 1358.
Package xcolor Info: Model `Gray' substituted by `gray' on input line 1359.
Package xcolor Info: Model `wave' substituted by `hsb' on input line 1360.
)
("C:\Program Files (x86)\MiKTeX 2.9\tex\generic\pgf\basiclayer\pgfcore.code.tex
"
Package: pgfcore 2010/04/11 v2.10 (rcs-revision 1.7)
 ("C:\Program Files (x86)\MiKTeX 2.9\tex\generic\pgf\math\pgfmath.code.tex"
("C:\Program Files (x86)\MiKTeX 2.9\tex\generic\pgf\math\pgfmathcalc.code.tex"
("C:\Program Files (x86)\MiKTeX 2.9\tex\generic\pgf\math\pgfmathutil.code.tex")
("C:\Program Files (x86)\MiKTeX 2.9\tex\generic\pgf\math\pgfmathparser.code.tex
"
\pgfmath@dimen=\dimen123
\pgfmath@count=\count108
\pgfmath@box=\box30
\pgfmath@toks=\toks26
\pgfmath@stack@operand=\toks27
\pgfmath@stack@operation=\toks28
)
("C:\Program Files (x86)\MiKTeX 2.9\tex\generic\pgf\math\pgfmathfunctions.code.
tex"
("C:\Program Files (x86)\MiKTeX 2.9\tex\generic\pgf\math\pgfmathfunctions.basic
.code.tex")
("C:\Program Files (x86)\MiKTeX 2.9\tex\generic\pgf\math\pgfmathfunctions.trigo
nometric.code.tex")
("C:\Program Files (x86)\MiKTeX 2.9\tex\generic\pgf\math\pgfmathfunctions.rando
m.code.tex")
("C:\Program Files (x86)\MiKTeX 2.9\tex\generic\pgf\math\pgfmathfunctions.compa
rison.code.tex")
("C:\Program Files (x86)\MiKTeX 2.9\tex\generic\pgf\math\pgfmathfunctions.base.
code.tex")
("C:\Program Files (x86)\MiKTeX 2.9\tex\generic\pgf\math\pgfmathfunctions.round
.code.tex")
("C:\Program Files (x86)\MiKTeX 2.9\tex\generic\pgf\math\pgfmathfunctions.misc.
code.tex")))
("C:\Program Files (x86)\MiKTeX 2.9\tex\generic\pgf\math\pgfmathfloat.code.tex"
\c@pgfmathroundto@lastzeros=\count109
))
("C:\Program Files (x86)\MiKTeX 2.9\tex\generic\pgf\basiclayer\pgfcorepoints.co
de.tex"
File: pgfcorepoints.code.tex 2010/04/09  (rcs-revision 1.20)
\pgf@picminx=\dimen124
\pgf@picmaxx=\dimen125
\pgf@picminy=\dimen126
\pgf@picmaxy=\dimen127
\pgf@pathminx=\dimen128
\pgf@pathmaxx=\dimen129
\pgf@pathminy=\dimen130
\pgf@pathmaxy=\dimen131
\pgf@xx=\dimen132
\pgf@xy=\dimen133
\pgf@yx=\dimen134
\pgf@yy=\dimen135
\pgf@zx=\dimen136
\pgf@zy=\dimen137
)
("C:\Program Files (x86)\MiKTeX 2.9\tex\generic\pgf\basiclayer\pgfcorepathconst
ruct.code.tex"
File: pgfcorepathconstruct.code.tex 2010/08/03  (rcs-revision 1.24)
\pgf@path@lastx=\dimen138
\pgf@path@lasty=\dimen139
)
("C:\Program Files (x86)\MiKTeX 2.9\tex\generic\pgf\basiclayer\pgfcorepathusage
.code.tex"
File: pgfcorepathusage.code.tex 2008/04/22  (rcs-revision 1.12)
\pgf@shorten@end@additional=\dimen140
\pgf@shorten@start@additional=\dimen141
)
("C:\Program Files (x86)\MiKTeX 2.9\tex\generic\pgf\basiclayer\pgfcorescopes.co
de.tex"
File: pgfcorescopes.code.tex 2010/09/08  (rcs-revision 1.34)
\pgfpic=\box31
\pgf@hbox=\box32
\pgf@layerbox@main=\box33
\pgf@picture@serial@count=\count110
)
("C:\Program Files (x86)\MiKTeX 2.9\tex\generic\pgf\basiclayer\pgfcoregraphicst
ate.code.tex"
File: pgfcoregraphicstate.code.tex 2008/04/22  (rcs-revision 1.9)
\pgflinewidth=\dimen142
)
("C:\Program Files (x86)\MiKTeX 2.9\tex\generic\pgf\basiclayer\pgfcoretransform
ations.code.tex"
File: pgfcoretransformations.code.tex 2009/06/10  (rcs-revision 1.11)
\pgf@pt@x=\dimen143
\pgf@pt@y=\dimen144
\pgf@pt@temp=\dimen145
)
("C:\Program Files (x86)\MiKTeX 2.9\tex\generic\pgf\basiclayer\pgfcorequick.cod
e.tex"
File: pgfcorequick.code.tex 2008/10/09  (rcs-revision 1.3)
)
("C:\Program Files (x86)\MiKTeX 2.9\tex\generic\pgf\basiclayer\pgfcoreobjects.c
ode.tex"
File: pgfcoreobjects.code.tex 2006/10/11  (rcs-revision 1.2)
)
("C:\Program Files (x86)\MiKTeX 2.9\tex\generic\pgf\basiclayer\pgfcorepathproce
ssing.code.tex"
File: pgfcorepathprocessing.code.tex 2008/10/09  (rcs-revision 1.8)
)
("C:\Program Files (x86)\MiKTeX 2.9\tex\generic\pgf\basiclayer\pgfcorearrows.co
de.tex"
File: pgfcorearrows.code.tex 2008/04/23  (rcs-revision 1.11)
)
("C:\Program Files (x86)\MiKTeX 2.9\tex\generic\pgf\basiclayer\pgfcoreshade.cod
e.tex"
File: pgfcoreshade.code.tex 2008/11/23  (rcs-revision 1.13)
\pgf@max=\dimen146
\pgf@sys@shading@range@num=\count111
)
("C:\Program Files (x86)\MiKTeX 2.9\tex\generic\pgf\basiclayer\pgfcoreimage.cod
e.tex"
File: pgfcoreimage.code.tex 2010/03/25  (rcs-revision 1.16)

("C:\Program Files (x86)\MiKTeX 2.9\tex\generic\pgf\basiclayer\pgfcoreexternal.
code.tex"
File: pgfcoreexternal.code.tex 2010/09/01  (rcs-revision 1.17)
\pgfexternal@startupbox=\box34
))
("C:\Program Files (x86)\MiKTeX 2.9\tex\generic\pgf\basiclayer\pgfcorelayers.co
de.tex"
File: pgfcorelayers.code.tex 2010/08/27  (rcs-revision 1.2)
)
("C:\Program Files (x86)\MiKTeX 2.9\tex\generic\pgf\basiclayer\pgfcoretranspare
ncy.code.tex"
File: pgfcoretransparency.code.tex 2008/01/17  (rcs-revision 1.2)
)
("C:\Program Files (x86)\MiKTeX 2.9\tex\generic\pgf\basiclayer\pgfcorepatterns.
code.tex"
File: pgfcorepatterns.code.tex 2009/07/02  (rcs-revision 1.3)
)))
("C:\Program Files (x86)\MiKTeX 2.9\tex\generic\pgf\modules\pgfmoduleshapes.cod
e.tex"
File: pgfmoduleshapes.code.tex 2010/09/09  (rcs-revision 1.13)
\pgfnodeparttextbox=\box35
)
("C:\Program Files (x86)\MiKTeX 2.9\tex\generic\pgf\modules\pgfmoduleplot.code.
tex"
File: pgfmoduleplot.code.tex 2010/10/22  (rcs-revision 1.8)
)
("C:\Program Files (x86)\MiKTeX 2.9\tex\latex\pgf\compatibility\pgfcomp-version
-0-65.sty"
Package: pgfcomp-version-0-65 2007/07/03 v2.10 (rcs-revision 1.7)
\pgf@nodesepstart=\dimen147
\pgf@nodesepend=\dimen148
)
("C:\Program Files (x86)\MiKTeX 2.9\tex\latex\pgf\compatibility\pgfcomp-version
-1-18.sty"
Package: pgfcomp-version-1-18 2007/07/23 v2.10 (rcs-revision 1.1)
)) ("C:\Program Files (x86)\MiKTeX 2.9\tex\latex\listings\listings.sty"
\lst@mode=\count112
\lst@gtempboxa=\box36
\lst@token=\toks29
\lst@length=\count113
\lst@currlwidth=\dimen149
\lst@column=\count114
\lst@pos=\count115
\lst@lostspace=\dimen150
\lst@width=\dimen151
\lst@newlines=\count116
\lst@lineno=\count117
\lst@maxwidth=\dimen152
 ("C:\Program Files (x86)\MiKTeX 2.9\tex\latex\listings\lstmisc.sty"
File: lstmisc.sty 2007/02/22 1.4 (Carsten Heinz)
\c@lstnumber=\count118
\lst@skipnumbers=\count119
\lst@framebox=\box37
)
("C:\Program Files (x86)\MiKTeX 2.9\tex\latex\listings\listings.cfg"
File: listings.cfg 2007/02/22 1.4 listings configuration
))
Package: listings 2007/02/22 1.4 (Carsten Heinz)

("C:\Program Files (x86)\MiKTeX 2.9\tex\latex\ltxmisc\url.sty"
\Urlmuskip=\muskip11
Package: url 2006/04/12  ver 3.3  Verb mode for urls, etc.
)
("C:\Program Files (x86)\MiKTeX 2.9\tex\latex\csquotes\csquotes.sty"
Package: csquotes 2011/03/25 v5.1c context-sensitive quotations

("C:\Program Files (x86)\MiKTeX 2.9\tex\latex\etoolbox\etoolbox.sty"
Package: etoolbox 2011/01/03 v2.1 e-TeX tools for LaTeX

("C:\Program Files (x86)\MiKTeX 2.9\tex\latex\misc\etex.sty"
Package: etex 1998/03/26 v2.0 eTeX basic definition package (PEB)
\et@xins=\count120
)
\etb@tempcnta=\count121
)
\csq@reset=\count122
\csq@gtype=\count123
\csq@glevel=\count124
\csq@qlevel=\count125
\csq@maxlvl=\count126
\csq@tshold=\count127
\csq@ltx@everypar=\toks30

("C:\Program Files (x86)\MiKTeX 2.9\tex\latex\csquotes\csquotes.def"
File: csquotes.def 2011/03/25 v5.1c csquotes generic definitions
)
Package csquotes Info: Trying to load configuration file 'csquotes.cfg'...
Package csquotes Info: ... configuration file loaded successfully.

("C:\Program Files (x86)\MiKTeX 2.9\tex\latex\csquotes\csquotes.cfg"
File: csquotes.cfg 
)
Package csquotes Info: Option 'babel' depreciated.
(csquotes)             Using 'autostyle'.
Package csquotes Info: Enabling multilingual quotes.
Package csquotes Info: Redefining alias 'german' -> 'german/quotes'.
)
("C:\Program Files (x86)\MiKTeX 2.9\tex\latex\sidecap\sidecap.sty"
Package: sidecap 2003/06/06 v1.6f SideCap Package (RN/HjG)

("C:\Program Files (x86)\MiKTeX 2.9\tex\latex\base\ifthen.sty"
Package: ifthen 2001/05/26 v1.1c Standard LaTeX ifthen package (DPC)
)
\SC@BOXWD=\dimen153
\SC@CAPWD=\dimen154
\SC@tempdima=\dimen155
\SC@tempdimb=\dimen156
\c@SC@C=\count128
\SC@BOX=\box38
)
("C:\Program Files (x86)\MiKTeX 2.9\tex\latex\tools\tabularx.sty"
Package: tabularx 1999/01/07 v2.07 `tabularx' package (DPC)

("C:\Program Files (x86)\MiKTeX 2.9\tex\latex\tools\array.sty"
Package: array 2008/09/09 v2.4c Tabular extension package (FMi)
\col@sep=\dimen157
\extrarowheight=\dimen158
\NC@list=\toks31
\extratabsurround=\skip50
\backup@length=\skip51
)
\TX@col@width=\dimen159
\TX@old@table=\dimen160
\TX@old@col=\dimen161
\TX@target=\dimen162
\TX@delta=\dimen163
\TX@cols=\count129
\TX@ftn=\toks32
)
("C:\Program Files (x86)\MiKTeX 2.9\tex\latex\setspace\setspace.sty"
Package: setspace 2000/12/01 6.7 Contributed and Supported LaTeX2e package

Package: `setspace' 6.7 <2000/12/01>
) ("C:\Program Files (x86)\MiKTeX 2.9\tex\latex\geometry\geometry.sty"
Package: geometry 2010/09/12 v5.6 Page Geometry

("C:\Program Files (x86)\MiKTeX 2.9\tex\generic\oberdiek\ifpdf.sty"
Package: ifpdf 2011/01/30 v2.3 Provides the ifpdf switch (HO)
Package ifpdf Info: pdfTeX in PDF mode is detected.
)
("C:\Program Files (x86)\MiKTeX 2.9\tex\generic\oberdiek\ifvtex.sty"
Package: ifvtex 2010/03/01 v1.5 Switches for detecting VTeX and its modes (HO)
Package ifvtex Info: VTeX not detected.
)
("C:\Program Files (x86)\MiKTeX 2.9\tex\generic\ifxetex\ifxetex.sty"
Package: ifxetex 2010/09/12 v0.6 Provides ifxetex conditional
)
\Gm@cnth=\count130
\Gm@cntv=\count131
\c@Gm@tempcnt=\count132
\Gm@bindingoffset=\dimen164
\Gm@wd@mp=\dimen165
\Gm@odd@mp=\dimen166
\Gm@even@mp=\dimen167
\Gm@layoutwidth=\dimen168
\Gm@layoutheight=\dimen169
\Gm@layouthoffset=\dimen170
\Gm@layoutvoffset=\dimen171
\Gm@dimlist=\toks33

("C:\Program Files (x86)\MiKTeX 2.9\tex\latex\geometry\geometry.cfg"))
("C:\Program Files (x86)\MiKTeX 2.9\tex\latex\subfigure\subfigure.sty"
Package: subfigure 2002/07/30 v2.1.4 subfigure package
\subfigtopskip=\skip52
\subfigcapskip=\skip53
\subfigcaptopadj=\dimen172
\subfigbottomskip=\skip54
\subfigcapmargin=\dimen173
\subfiglabelskip=\skip55
\c@subfigure=\count133
\c@lofdepth=\count134
\c@subtable=\count135
\c@lotdepth=\count136

****************************************
* Local config file subfigure.cfg used *
****************************************
("C:\Program Files (x86)\MiKTeX 2.9\tex\latex\subfigure\subfigure.cfg")
\subfig@top=\skip56
\subfig@bottom=\skip57
)
("C:\Program Files (x86)\MiKTeX 2.9\tex\latex\wrapfig\wrapfig.sty"
\wrapoverhang=\dimen174
\WF@size=\dimen175
\c@WF@wrappedlines=\count137
\WF@box=\box39
\WF@everypar=\toks34
Package: wrapfig 2003/01/31  v 3.6
)
("C:\Program Files (x86)\MiKTeX 2.9\tex\latex\caption\caption.sty"
Package: caption 2010/01/09 v3.1m Customizing captions (AR)

("C:\Program Files (x86)\MiKTeX 2.9\tex\latex\caption\caption3.sty"
Package: caption3 2010/01/14 v3.1m caption3 kernel (AR)
\captionmargin=\dimen176
\captionmargin@=\dimen177
\captionwidth=\dimen178
\caption@indent=\dimen179
\caption@parindent=\dimen180
\caption@hangindent=\dimen181
)
Package caption Info: KOMA-Script document class.
\c@ContinuedFloat=\count138
Package caption Info: listings package is loaded.
Package caption Info: sidecap package is loaded.
Package caption Info: subfigure package is loaded.
Package caption Info: wrapfig package is loaded.
)
("C:\Program Files (x86)\MiKTeX 2.9\tex\latex\footmisc\footmisc.sty"
Package: footmisc 2009/09/15 v5.5a a miscellany of footnote facilities
\FN@temptoken=\toks35
\footnotemargin=\dimen182
\c@pp@next@reset=\count139
Package footmisc Info: Declaring symbol style bringhurst on input line 855.
Package footmisc Info: Declaring symbol style chicago on input line 863.
Package footmisc Info: Declaring symbol style wiley on input line 872.
Package footmisc Info: Declaring symbol style lamport-robust on input line 883.

Package footmisc Info: Declaring symbol style lamport* on input line 903.
Package footmisc Info: Declaring symbol style lamport*-robust on input line 924
.
)
("C:\Program Files (x86)\MiKTeX 2.9\tex\latex\listings\lstlang1.sty"
File: lstlang1.sty 2004/09/05 1.3 listings language file
)
("C:\Program Files (x86)\MiKTeX 2.9\tex\latex\listings\lstlang2.sty"
File: lstlang2.sty 2004/09/05 1.3 listings language file
)
("C:\Program Files (x86)\MiKTeX 2.9\tex\latex\listings\lstmisc.sty"
File: lstmisc.sty 2007/02/22 1.4 (Carsten Heinz)
)
Package csquotes Info: Checking for multilingual support...
Package csquotes Info: ... none found.


Package csquotes Warning: No multilingual support.
(csquotes)                Cannot enable multilingual quotes on input line 79.

(C:\Users\André\Dropbox\Masterarbeit\Thesis\Thesis.aux
(C:\Users\André\Dropbox\Masterarbeit\Thesis\chap_titlepage.aux)
(C:\Users\André\Dropbox\Masterarbeit\Thesis\chap_Einleitung.aux)
(C:\Users\André\Dropbox\Masterarbeit\Thesis\chap_entstehung_von_cd.aux)
(C:\Users\André\Dropbox\Masterarbeit\Thesis\chap_Konzepte.aux)
(C:\Users\André\Dropbox\Masterarbeit\Thesis\chap_entwicklungsstand.aux)
(C:\Users\André\Dropbox\Masterarbeit\Thesis\chap_werkzeuge.aux)
(C:\Users\André\Dropbox\Masterarbeit\Thesis\chap_umsetzung.aux)
(C:\Users\André\Dropbox\Masterarbeit\Thesis\chap_fazit.aux)
(C:\Users\André\Dropbox\Masterarbeit\Thesis\fragebogen_ci-team.aux))
LaTeX Font Info:    Checking defaults for OML/cmm/m/it on input line 79.
LaTeX Font Info:    ... okay on input line 79.
LaTeX Font Info:    Checking defaults for T1/cmr/m/n on input line 79.
LaTeX Font Info:    ... okay on input line 79.
LaTeX Font Info:    Checking defaults for OT1/cmr/m/n on input line 79.
LaTeX Font Info:    ... okay on input line 79.
LaTeX Font Info:    Checking defaults for OMS/cmsy/m/n on input line 79.
LaTeX Font Info:    ... okay on input line 79.
LaTeX Font Info:    Checking defaults for OMX/cmex/m/n on input line 79.
LaTeX Font Info:    ... okay on input line 79.
LaTeX Font Info:    Checking defaults for U/cmr/m/n on input line 79.
LaTeX Font Info:    ... okay on input line 79.

ABD: EveryShipout initializing macros
("C:\Program Files (x86)\MiKTeX 2.9\tex\context\base\supp-pdf.mkii"
[Loading MPS to PDF converter (version 2006.09.02).]
\scratchcounter=\count140
\scratchdimen=\dimen183
\scratchbox=\box40
\nofMPsegments=\count141
\nofMParguments=\count142
\everyMPshowfont=\toks36
\MPscratchCnt=\count143
\MPscratchDim=\dimen184
\MPnumerator=\count144
\everyMPtoPDFconversion=\toks37
)
\c@lstlisting=\count145
 ("C:\Program Files (x86)\MiKTeX 2.9\tex\latex\ms\ragged2e.sty"
Package: ragged2e 2009/05/21 v2.1 ragged2e Package (MS)

("C:\Program Files (x86)\MiKTeX 2.9\tex\latex\ms\everysel.sty"
Package: everysel 2009/05/30 v1.1 EverySelectfont Package (MS)
LaTeX Info: Redefining \selectfont on input line 117.
)
\CenteringLeftskip=\skip58
\RaggedLeftLeftskip=\skip59
\RaggedRightLeftskip=\skip60
\CenteringRightskip=\skip61
\RaggedLeftRightskip=\skip62
\RaggedRightRightskip=\skip63
\CenteringParfillskip=\skip64
\RaggedLeftParfillskip=\skip65
\RaggedRightParfillskip=\skip66
\JustifyingParfillskip=\skip67
\CenteringParindent=\skip68
\RaggedLeftParindent=\skip69
\RaggedRightParindent=\skip70
\JustifyingParindent=\skip71
)
*geometry* driver: auto-detecting
*geometry* detected driver: pdftex
*geometry* verbose mode - [ preamble ] result:
* driver: pdftex
* paper: a4paper
* layout: <same size as paper>
* layoutoffset:(h,v)=(0.0pt,0.0pt)
* modes: 
* h-part:(L,W,R)=(73.97716pt, 449.55356pt, 73.97716pt)
* v-part:(T,H,B)=(73.97716pt, 671.48505pt, 99.58464pt)
* \paperwidth=597.50787pt
* \paperheight=845.04684pt
* \textwidth=449.55356pt
* \textheight=671.48505pt
* \oddsidemargin=1.70717pt
* \evensidemargin=1.70717pt
* \topmargin=-44.87057pt
* \headheight=18.125pt
* \headsep=28.45274pt
* \topskip=12.0pt
* \footskip=42.67912pt
* \marginparwidth=49.79233pt
* \marginparsep=12.8401pt
* \columnsep=10.0pt
* \skip\footins=10.8pt plus 4.0pt minus 2.0pt
* \hoffset=0.0pt
* \voffset=0.0pt
* \mag=1000
* \@twocolumnfalse
* \@twosidefalse
* \@mparswitchfalse
* \@reversemarginfalse
* (1in=72.27pt=25.4mm, 1cm=28.453pt)

Package caption Info: Begin \AtBeginDocument code.
Package caption Info: End \AtBeginDocument code.
(C:\Users\André\Dropbox\Masterarbeit\Thesis\chap_titlepage.tex
<Grafiken/FH_logo.jpg, id=4, 142.25145pt x 102.74385pt>
File: Grafiken/FH_logo.jpg Graphic file (type jpg)

<use Grafiken/FH_logo.jpg>
Package pdftex.def Info: Grafiken/FH_logo.jpg used on input line 7.
(pdftex.def)             Requested size: 113.8013pt x 82.19516pt.
LaTeX Font Info:    Try loading font information for U+msa on input line 9.

("C:\Program Files (x86)\MiKTeX 2.9\tex\latex\amsfonts\umsa.fd"
File: umsa.fd 2009/06/22 v3.00 AMS symbols A
)
LaTeX Font Info:    Try loading font information for U+msb on input line 9.

("C:\Program Files (x86)\MiKTeX 2.9\tex\latex\amsfonts\umsb.fd"
File: umsb.fd 2009/06/22 v3.00 AMS symbols B
)
<Grafiken/adesso_claim_4C.png, id=5, 198.2607pt x 58.7796pt>
File: Grafiken/adesso_claim_4C.png Graphic file (type png)

<use Grafiken/adesso_claim_4C.png>
Package pdftex.def Info: Grafiken/adesso_claim_4C.png used on input line 12.
(pdftex.def)             Requested size: 158.60876pt x 47.02371pt.

Overfull \hbox (2.61049pt too wide) in paragraph at lines 5--15
[]$[]$ $[]$ 
 []

[1




{C:/ProgramData/MiKTeX/2.9/pdftex/config/pdftex.map} <C:/Users/André/Dropbox/Ma
sterarbeit/Thesis/Grafiken/FH_logo.jpg> <C:/Users/André/Dropbox/Masterarbeit/Th
esis/Grafiken/adesso_claim_4C.png>])
LaTeX Font Info:    Try loading font information for T1+cmss on input line 86.

("C:\Program Files (x86)\MiKTeX 2.9\tex\latex\base\t1cmss.fd"
File: t1cmss.fd 1999/05/25 v2.5h Standard LaTeX font definitions
)
(C:\Users\André\Dropbox\Masterarbeit\Thesis\Thesis.toc
Overfull \hbox (6.44899pt too wide) in paragraph at lines 22--22
 [][] []\T1/cmr/m/n/12 Acceptance-Sta-ge, User-Ac-cep-tan-ce-Sta-ge, Ca-pa-ci-t
y-Sta-ge und Pro- 
 []

[1


] [2]
Overfull \hbox (0.38737pt too wide) detected at line 115
 []\T1/cmr/m/n/12 A-1
 []


Overfull \hbox (0.38737pt too wide) detected at line 116
 []\T1/cmr/m/n/12 A-2
 []


Overfull \hbox (0.38737pt too wide) detected at line 117
 []\T1/cmr/m/n/12 A-4
 []


Overfull \hbox (0.38737pt too wide) detected at line 118
 []\T1/cmr/m/n/12 A-6
 []

)
\tf@toc=\write4
 [3] (C:\Users\André\Dropbox\Masterarbeit\Thesis\Thesis.lof)
\tf@lof=\write5


Class scrreprt Warning: Usage of deprecated \float@listhead!
(scrreprt)              You should use the features of package `tocbasic'
(scrreprt)              instead of \float@listhead.
(scrreprt)              Definition of \float@listhead my be removed from
(scrreprt)              `scrreprt' soon, so it should not be used  on input lin
e 90.

[4

] (C:\Users\André\Dropbox\Masterarbeit\Thesis\Thesis.lol)
\tf@lol=\write6
 [5

] [6

] [7

]
(C:\Users\André\Dropbox\Masterarbeit\Thesis\chap_Einleitung.tex
Kapitel 1.

Class scrreprt Warning: \float@addtolists detected!
(scrreprt)              You should use the features of package `tocbasic'
(scrreprt)              instead of \float@addtolists.
(scrreprt)              Support for \float@addtolists may be removed from
(scrreprt)              `scrreprt' soon .

[1


] [2] [3] [4]
LaTeX Font Info:    Try loading font information for OMS+cmr on input line 45.
 ("C:\Program Files (x86)\MiKTeX 2.9\tex\latex\base\omscmr.fd"
File: omscmr.fd 1999/05/25 v2.5h Standard LaTeX font definitions
)
LaTeX Font Info:    Font shape `OMS/cmr/m/n' in size <12> not available
(Font)              Font shape `OMS/cmsy/m/n' tried instead on input line 45.
LaTeX Font Info:    Try loading font information for T1+cmtt on input line 45.

("C:\Program Files (x86)\MiKTeX 2.9\tex\latex\base\t1cmtt.fd"
File: t1cmtt.fd 1999/05/25 v2.5h Standard LaTeX font definitions
)) [5]
(C:\Users\André\Dropbox\Masterarbeit\Thesis\chap_entstehung_von_cd.tex
Kapitel 2.
[6



] <Grafiken/devops.png, id=70, 479.7925pt x 385.44pt>
File: Grafiken/devops.png Graphic file (type png)

<use Grafiken/devops.png>
Package pdftex.def Info: Grafiken/devops.png used on input line 13.
(pdftex.def)             Requested size: 179.81866pt x 144.4573pt.

Overfull \hbox (6.79999pt too wide) in paragraph at lines 13--14
 [][] 
 []

[7 <C:/Users/André/Dropbox/Masterarbeit/Thesis/Grafiken/devops.png>] [8]
[9] [10] [11] [12]
Overfull \hbox (3.6816pt too wide) in paragraph at lines 107--108
\T1/cmr/m/n/12 der Soft-ware. Kon-fi-gu-ra-ti-ons-pa-ra-me-ter für un-ter-schie
d-li-che Aus-füh-rungs-um-ge-bun-gen soll-
 []

[13] [14] [15] [16] [17]
Overfull \hbox (11.8839pt too wide) in paragraph at lines 167--168
\T1/cmr/m/n/12 maÿ-nah-men, ge-hört die Do-ku-men-ta-ti-on al-ler Än-de-rungs-a
n-fra-gen, der \T1/cmr/m/it/12 R\T1/cmr/m/n/12 equest \T1/cmr/m/it/12 F\T1/cmr/
m/n/12 or \T1/cmr/m/it/12 C\T1/cmr/m/n/12 hange,
 []

[18] [19]) [20] (C:\Users\André\Dropbox\Masterarbeit\Thesis\chap_Konzepte.tex
Kapitel 3.
[21



] [22] [23] [24] [25]
<Grafiken/Delivery_Pipeline.pdf, id=134, 722.7pt x 398.4486pt>
File: Grafiken/Delivery_Pipeline.pdf Graphic file (type pdf)

<use Grafiken/Delivery_Pipeline.pdf>
Package pdftex.def Info: Grafiken/Delivery_Pipeline.pdf used on input line 52.
(pdftex.def)             Requested size: 427.0745pt x 235.45958pt.
 [26 <C:/Users/André/Dropbox/Masterarbeit/Thesis/Grafiken/Delivery_Pipeline.pdf
>] [27] [28]
Overfull \hbox (6.26152pt too wide) in paragraph at lines 101--102
[]\T1/cmr/m/n/12 Continuous-De-live-ry setzt vor-aus, dass al-le Test-fäl-le fü
r je-de neue Ver-si-on der Quellcode-
 []

[29] [30] [31]
Overfull \hbox (37.70932pt too wide) in paragraph at lines 138--139
[]\T1/cmr/m/n/12 Die Ent-kopp-lung von Datenbank-
 []

[32] <Grafiken/db_deploy.pdf, id=355, 722.7pt x 227.6505pt>
File: Grafiken/db_deploy.pdf Graphic file (type pdf)

<use Grafiken/db_deploy.pdf>
Package pdftex.def Info: Grafiken/db_deploy.pdf used on input line 143.
(pdftex.def)             Requested size: 427.0745pt x 134.52798pt.
 [33 <C:/Users/André/Dropbox/Masterarbeit/Thesis/Grafiken/db_deploy.pdf>] [34])
 [35]
(C:\Users\André\Dropbox\Masterarbeit\Thesis\chap_entwicklungsstand.tex
Kapitel 4.
[36



] [37] [38]
<Grafiken/04_sw_prozess_adesso.PNG, id=454, 2472.23625pt x 394.47375pt>
File: Grafiken/04_sw_prozess_adesso.PNG Graphic file (type png)

<use Grafiken/04_sw_prozess_adesso.PNG>
Package pdftex.def Info: Grafiken/04_sw_prozess_adesso.PNG used on input line 9
3.
(pdftex.def)             Requested size: 449.55356pt x 71.73053pt.

Overfull \hbox (6.79999pt too wide) in paragraph at lines 93--94
 [][] 
 []

[39] [40 <C:/Users/André/Dropbox/Masterarbeit/Thesis/Grafiken/04_sw_prozess_ade
sso.PNG (PNG copy)>]
<Grafiken/jenkins_uebersicht.PNG, id=461, 415.5525pt x 200.54926pt>
File: Grafiken/jenkins_uebersicht.PNG Graphic file (type png)

<use Grafiken/jenkins_uebersicht.PNG>
Package pdftex.def Info: Grafiken/jenkins_uebersicht.PNG used on input line 111
.
(pdftex.def)             Requested size: 186.99689pt x 90.24632pt.

<Grafiken/jenkins_details.PNG, id=462, 492.03825pt x 163.812pt>
File: Grafiken/jenkins_details.PNG Graphic file (type png)

<use Grafiken/jenkins_details.PNG>
Package pdftex.def Info: Grafiken/jenkins_details.PNG used on input line 112.
(pdftex.def)             Requested size: 221.41516pt x 73.7147pt.
 [41 <C:/Users/André/Dropbox/Masterarbeit/Thesis/Grafiken/jenkins_uebersicht.PN
G> <C:/Users/André/Dropbox/Masterarbeit/Thesis/Grafiken/jenkins_details.PNG>]
<Grafiken/sonar_detail.PNG, id=467, 531.78674pt x 359.54324pt>
File: Grafiken/sonar_detail.PNG Graphic file (type png)

<use Grafiken/sonar_detail.PNG>
Package pdftex.def Info: Grafiken/sonar_detail.PNG used on input line 139.
(pdftex.def)             Requested size: 265.89272pt x 179.77118pt.
 [42] [43 <C:/Users/André/Dropbox/Masterarbeit/Thesis/Grafiken/sonar_detail.PNG
>] [44]) [45]
(C:\Users\André\Dropbox\Masterarbeit\Thesis\chap_werkzeuge.tex
Kapitel 5.
[46



] [47] [48] [49] [50]
<Grafiken/go_pricing.PNG, id=498, 389.0535pt x 165.61874pt>
File: Grafiken/go_pricing.PNG Graphic file (type png)

<use Grafiken/go_pricing.PNG>
Package pdftex.def Info: Grafiken/go_pricing.PNG used on input line 109.
(pdftex.def)             Requested size: 311.24321pt x 132.49516pt.
 [51 <C:/Users/André/Dropbox/Masterarbeit/Thesis/Grafiken/go_pricing.PNG>]
<Grafiken/Test_Konfiguration_Go.PNG, id=504, 2911.87875pt x 1174.3875pt>
File: Grafiken/Test_Konfiguration_Go.PNG Graphic file (type png)

<use Grafiken/Test_Konfiguration_Go.PNG>
Package pdftex.def Info: Grafiken/Test_Konfiguration_Go.PNG used on input line 
127.
(pdftex.def)             Requested size: 449.55356pt x 181.29347pt.

Overfull \hbox (6.79999pt too wide) in paragraph at lines 127--128
 [][] 
 []


Overfull \hbox (0.68935pt too wide) in paragraph at lines 131--132
\T1/cmr/m/n/12 Server wur-de mit 1280 MB Ar-beits-spei-cher aus-ge-stat-tet, Sy
s-tem-vor-aus-set-zung sind 1 GB,
 []

[52 <C:/Users/André/Dropbox/Masterarbeit/Thesis/Grafiken/Test_Konfiguration_Go.
PNG (PNG copy)>]
<Grafiken/go_pipeline_und_stages.PNG, id=508, 3541.23pt x 867.24pt>
File: Grafiken/go_pipeline_und_stages.PNG Graphic file (type png)

<use Grafiken/go_pipeline_und_stages.PNG>
Package pdftex.def Info: Grafiken/go_pipeline_und_stages.PNG used on input line
 143.
(pdftex.def)             Requested size: 449.55356pt x 110.08533pt.

Overfull \hbox (6.79999pt too wide) in paragraph at lines 143--144
 [][] 
 []

[53 <C:/Users/André/Dropbox/Masterarbeit/Thesis/Grafiken/go_pipeline_und_stages
.PNG (PNG copy)>]
<Grafiken/go_003_Pipeline_Run_Dependencies_cut.PNG, id=513, 426.99525pt x 262.5
81pt>
File: Grafiken/go_003_Pipeline_Run_Dependencies_cut.PNG Graphic file (type png)

 <use Grafiken/go_003_Pipeline_Run_Dependencies_cut.PNG>
Package pdftex.def Info: Grafiken/go_003_Pipeline_Run_Dependencies_cut.PNG used
 on input line 159.
(pdftex.def)             Requested size: 213.4971pt x 131.29016pt.

Underfull \hbox (badness 4156) in paragraph at lines 166--167
\T1/cmr/m/n/12 ger. Trig-ger kön-nen ent-we-der
 []


<Grafiken/go_001_Pipeline_Main_Window_cut.PNG, id=514, 431.81325pt x 230.0595pt
>
File: Grafiken/go_001_Pipeline_Main_Window_cut.PNG Graphic file (type png)
 <use Grafiken/go_001_Pipeline_Main_Window_cut.PNG>
Package pdftex.def Info: Grafiken/go_001_Pipeline_Main_Window_cut.PNG used on i
nput line 184.
(pdftex.def)             Requested size: 215.90608pt x 115.02946pt.

<Grafiken/go_002_Pipeline_Activity_cut.PNG, id=515, 307.1475pt x 222.8325pt>
File: Grafiken/go_002_Pipeline_Activity_cut.PNG Graphic file (type png)

<use Grafiken/go_002_Pipeline_Activity_cut.PNG>
Package pdftex.def Info: Grafiken/go_002_Pipeline_Activity_cut.PNG used on inpu
t line 185.
(pdftex.def)             Requested size: 153.57336pt x 111.41597pt.
 [54 <C:/Users/André/Dropbox/Masterarbeit/Thesis/Grafiken/go_003_Pipeline_Run_D
ependencies_cut.PNG>]
<Grafiken/go_005_Job_Console_cut.PNG, id=520, 407.121pt x 301.72725pt>
File: Grafiken/go_005_Job_Console_cut.PNG Graphic file (type png)

<use Grafiken/go_005_Job_Console_cut.PNG>
Package pdftex.def Info: Grafiken/go_005_Job_Console_cut.PNG used on input line
 196.
(pdftex.def)             Requested size: 203.56pt x 150.86325pt.

<Grafiken/go_008_Job_JUnit-Test_cut.PNG, id=521, 406.51875pt x 257.763pt>
File: Grafiken/go_008_Job_JUnit-Test_cut.PNG Graphic file (type png)

<use Grafiken/go_008_Job_JUnit-Test_cut.PNG>
Package pdftex.def Info: Grafiken/go_008_Job_JUnit-Test_cut.PNG used on input l
ine 197.
(pdftex.def)             Requested size: 203.25887pt x 128.88118pt.
 [55 <C:/Users/André/Dropbox/Masterarbeit/Thesis/Grafiken/go_001_Pipeline_Main_
Window_cut.PNG> <C:/Users/André/Dropbox/Masterarbeit/Thesis/Grafiken/go_002_Pip
eline_Activity_cut.PNG> <C:/Users/André/Dropbox/Masterarbeit/Thesis/Grafiken/go
_005_Job_Console_cut.PNG> <C:/Users/André/Dropbox/Masterarbeit/Thesis/Grafiken/
go_008_Job_JUnit-Test_cut.PNG>]
[56] [57]
<Grafiken/go_008_Pipeline_Edit_Stage_Job_Artifacts_cut.PNG, id=537, 419.76825pt
 x 168.02776pt>
File: Grafiken/go_008_Pipeline_Edit_Stage_Job_Artifacts_cut.PNG Graphic file (t
ype png)

<use Grafiken/go_008_Pipeline_Edit_Stage_Job_Artifacts_cut.PNG>
Package pdftex.def Info: Grafiken/go_008_Pipeline_Edit_Stage_Job_Artifacts_cut.
PNG used on input line 290.
(pdftex.def)             Requested size: 209.8836pt x 84.01367pt.

<Grafiken/go_009_Pipeline_Edit_Stage_Job_CustomTabs_cut.PNG, id=538, 369.7815pt
 x 163.20975pt>
File: Grafiken/go_009_Pipeline_Edit_Stage_Job_CustomTabs_cut.PNG Graphic file (
type png)

<use Grafiken/go_009_Pipeline_Edit_Stage_Job_CustomTabs_cut.PNG>
Package pdftex.def Info: Grafiken/go_009_Pipeline_Edit_Stage_Job_CustomTabs_cut
.PNG used on input line 293.
(pdftex.def)             Requested size: 184.89029pt x 81.60466pt.
 [58]
Overfull \hbox (8.08739pt too wide) in paragraph at lines 306--307
\T1/cmr/m/n/12 Plug-Ins für die-se Build-Tools, die das De-ploy-ment in be-stim
m-te Server-Umgebungen
 []

[59 <C:/Users/André/Dropbox/Masterarbeit/Thesis/Grafiken/go_008_Pipeline_Edit_S
tage_Job_Artifacts_cut.PNG> <C:/Users/André/Dropbox/Masterarbeit/Thesis/Grafike
n/go_009_Pipeline_Edit_Stage_Job_CustomTabs_cut.PNG>]
<Grafiken/go_010_Pipeline_Edit_Stage_Job_FetchTask_cut.PNG, id=548, 224.63925pt
 x 311.9655pt>
File: Grafiken/go_010_Pipeline_Edit_Stage_Job_FetchTask_cut.PNG Graphic file (t
ype png)
 <use Grafiken/go_010_Pipeline_Edit_Stage_Job_FetchTask_cut.PNG>
Package pdftex.def Info: Grafiken/go_010_Pipeline_Edit_Stage_Job_FetchTask_cut.
PNG used on input line 352.
(pdftex.def)             Requested size: 134.78458pt x 187.18074pt.

[60] [61 <C:/Users/André/Dropbox/Masterarbeit/Thesis/Grafiken/go_010_Pipeline_E
dit_Stage_Job_FetchTask_cut.PNG>] [62] [63] [64]
<Grafiken/dpl_front_page.png, id=565, 625.73775pt x 275.22826pt>
File: Grafiken/dpl_front_page.png Graphic file (type png)

<use Grafiken/dpl_front_page.png>
Package pdftex.def Info: Grafiken/dpl_front_page.png used on input line 432.
(pdftex.def)             Requested size: 449.55356pt x 197.73582pt.

Overfull \hbox (6.79999pt too wide) in paragraph at lines 432--433
[][] 
 []

[65] [66 <C:/Users/André/Dropbox/Masterarbeit/Thesis/Grafiken/dpl_front_page.pn
g>]
! Missing \endcsname inserted.
<to be read again> 
                   \linewidth 
l.467 ...dth.3\linewidth]{Grafiken/dpl_stack.png}}
                                                  
The control sequence marked <to be read again> should
not appear between \csname and \endcsname.

! Missing number, treated as zero.
<to be read again> 
                   \endcsname 
l.467 ...dth.3\linewidth]{Grafiken/dpl_stack.png}}
                                                  
A number should have been here; I inserted `0'.
(If you can't figure out why I needed to see a number,
look up `weird error' in the index to The TeXbook.)

! Illegal unit of measure (pt inserted).
<to be read again> 
                   \endcsname 
l.467 ...dth.3\linewidth]{Grafiken/dpl_stack.png}}
                                                  
Dimensions can be in units of em, ex, in, pt, pc,
cm, mm, dd, cc, nd, nc, bp, or sp; but yours is a new one!
I'll assume that you meant to say pt, for printer's points.
To recover gracefully from this error, it's best to
delete the erroneous units; e.g., type `2' to delete
two letters. (See Chapter 27 of The TeXbook.)

! Extra \endcsname.
<recently read> \endcsname 
                           
l.467 ...dth.3\linewidth]{Grafiken/dpl_stack.png}}
                                                  
I'm ignoring this, since I wasn't doing a \csname.


! Package keyval Error: width.3\linewidth  undefined.

See the keyval package documentation for explanation.
Type  H <return>  for immediate help.
 ...                                              
                                                  
l.467 ...dth.3\linewidth]{Grafiken/dpl_stack.png}}
                                                  
Try typing  <return>  to proceed.
If that doesn't work, type  X <return>  to quit.

<Grafiken/dpl_stack.png, id=574, 196.93575pt x 197.538pt>
File: Grafiken/dpl_stack.png Graphic file (type png)

<use Grafiken/dpl_stack.png>
Package pdftex.def Info: Grafiken/dpl_stack.png used on input line 467.
(pdftex.def)             Requested size: 196.93524pt x 197.5375pt.

Overfull \hbox (55.38174pt too wide) in paragraph at lines 467--468
 [][] 
 []


Underfull \hbox (badness 1009) in paragraph at lines 473--474
[][] \T1/cmss/bx/n/12 De-ploy-ment[][] \T1/cmr/m/it/12 De-ploy-ina-tor \T1/cmr/
m/n/12 wur-de be-son-ders auf die
 []

[67 <C:/Users/André/Dropbox/Masterarbeit/Thesis/Grafiken/dpl_stack.png>]
Overfull \hbox (30.19733pt too wide) in paragraph at lines 479--480
\T1/cmr/m/n/12 gang wird, ähn-lich wie das Build-Script, über die Me-tho-de [][
][][][][][][][][][][]
 []

[68] [69] [70] [71]
LaTeX Font Info:    Font shape `OMS/cmr/m/n' in size <10> not available
(Font)              Font shape `OMS/cmsy/m/n' tried instead on input line 587.
 [72] [73] [74] [75] [76] [77] [78] [79] [80] [81] [82]
Overfull \hbox (29.81682pt too wide) in paragraph at lines 773--774
\T1/cmr/m/n/12 nach pro-jekt-spe-zi-fi-schen Kri-te-ri-en mit ei-ner klei-nen I
n-fra-struk-tur auf-zu-bau-en. Die Community-
 []

) [83] [84] (C:\Users\André\Dropbox\Masterarbeit\Thesis\chap_umsetzung.tex
Kapitel 6.
[85



]
Overfull \hbox (17.18239pt too wide) in paragraph at lines 30--31
[]\T1/cmr/m/n/12 Als Ver-sions-kon-troll-sys-tem wird Sub-ver-si-on ein-ge-setz
t. Al-le Än-de-run-gen an der Quellcode-
 []

<Grafiken/szenario_1.png, id=636, 6576.57pt x 2661.945pt>
File: Grafiken/szenario_1.png Graphic file (type png)

<use Grafiken/szenario_1.png>
Package pdftex.def Info: Grafiken/szenario_1.png used on input line 56.
(pdftex.def)             Requested size: 449.55356pt x 181.92783pt.

Overfull \hbox (6.79999pt too wide) in paragraph at lines 56--57
[][] 
 []

[86 <C:/Users/André/Dropbox/Masterarbeit/Thesis/Grafiken/szenario_1.png (PNG co
py)>] [87] [88] [89] [90] [91]) [92] [93]
(C:\Users\André\Dropbox\Masterarbeit\Thesis\chap_fazit.tex
Kapitel 7.
[94



] [95] [96]) [97] (C:\Users\André\Dropbox\Masterarbeit\Thesis\Thesis.bbl
[98


]
Underfull \hbox (badness 1742) in paragraph at lines 20--27
[]\T1/cmr/m/sc/12 adesso AG\T1/cmr/m/n/12 :  \T1/cmr/m/it/12 ad-VAN-TA-GE - Agi
-les wert-ori-en-tier-tes Vor-gehens-mo-dell
 []


Underfull \hbox (badness 1354) in paragraph at lines 20--27
\T1/cmr/m/it/12 mit Bud-get-kon-trol-le in Soft-ware-ent-wick-lungs-pro-jek-ten
\T1/cmr/m/n/12 .  WWW.  $\T1/cmtt/m/n/12 http :$
 []


Underfull \hbox (badness 10000) in paragraph at lines 20--27
$\T1/cmtt/m/n/12 / / www . adesso . de / de / leistungen / softwaredevelopment 
/ advantage /$
 []


Underfull \hbox (badness 2680) in paragraph at lines 51--58
[]\T1/cmr/m/sc/12 adesso AG\T1/cmr/m/n/12 :  \T1/cmr/m/it/12 Leis-tun-gen - Ap-
pli-ka-tio-nen in der Cloud - Cloud-ba-
 []


Underfull \hbox (badness 2020) in paragraph at lines 51--58
\T1/cmr/m/it/12 sier-te Soft-ware-ent-wick-lung für mehr Sta-bi-li-tät und Ef-f
i-zi-enz\T1/cmr/m/n/12 .  WWW.
 []


Underfull \hbox (badness 10000) in paragraph at lines 51--58
$\T1/cmtt/m/n/12 http : / / www . adesso . de / de / technologien / cloud _ com
puting / leistungen _$
 []

[99

]
Underfull \hbox (badness 10000) in paragraph at lines 88--95
$\T1/cmtt/m/n/12 / / www . ibm . com / developerworks / linux / library / l-[]d
ebpkg / index . html$\T1/cmr/m/n/12 .
 []


Underfull \hbox (badness 10000) in paragraph at lines 109--115
[]\T1/cmr/m/sc/12 Dickerson\T1/cmr/m/n/12 , Chad:  \T1/cmr/m/it/12 How does Et-
sy ma-na-ge de-vel-op-
 []


Underfull \hbox (badness 10000) in paragraph at lines 109--115
\T1/cmr/m/it/12 ment and ope-ra-ti-ons?  \T1/cmr/m/n/12 WWW.  $\T1/cmtt/m/n/12 
http : / / www . quora . com /$
 []


Underfull \hbox (badness 10000) in paragraph at lines 109--115
$\T1/cmtt/m/n/12 How-[]does-[]Etsy-[]manage-[]development-[]and-[]operations / 
answer /$
 []


Underfull \hbox (badness 1442) in paragraph at lines 122--129
[]\T1/cmr/m/sc/12 Edwards\T1/cmr/m/n/12 , Da-mon:  \T1/cmr/m/it/12 Dev-Ops is n
ot a tech-no-lo-gy pro-blem. Dev-Ops is
 []


Underfull \hbox (badness 1635) in paragraph at lines 122--129
\T1/cmr/m/it/12 a busi-ness pro-blem.  \T1/cmr/m/n/12 WWW.  $\T1/cmtt/m/n/12 ht
tp : / / dev2ops . org / blog / 2010 / 11 / 7 /$
 []


Underfull \hbox (badness 10000) in paragraph at lines 122--129
$\T1/cmtt/m/n/12 devops-[]is-[]not-[]a-[]technology-[]problem-[]devops-[]is-[]a
-[]business-[]prob .$
 []


Underfull \hbox (badness 10000) in paragraph at lines 139--146
[]\T1/cmr/m/sc/12 Gheorghiu\T1/cmr/m/n/12 , Grig:  \T1/cmr/m/it/12 Boot-strap-p
ing EC2 in-stan-ces with
 []


Underfull \hbox (badness 10000) in paragraph at lines 139--146
\T1/cmr/m/it/12 Chef\T1/cmr/m/n/12 .  WWW.  $\T1/cmtt/m/n/12 http : / / agilete
sting . blogspot . de / 2010 / 07 /$
 []


Underfull \hbox (badness 1412) in paragraph at lines 139--146
$\T1/cmtt/m/n/12 bootstrapping-[]ec2-[]instances-[]with-[]chef . html$\T1/cmr/m
/n/12 .  Version:Juli 2010. --
 []


Underfull \hbox (badness 10000) in paragraph at lines 148--155
[]\T1/cmr/m/sc/12 Huth\T1/cmr/m/n/12 , Ale-xa ; \T1/cmr/m/sc/12 Ce-bu-la\T1/cmr
/m/n/12 , Ja-mes:  \T1/cmr/m/it/12 The Ba-sics of Cloud Com-
 []


Underfull \hbox (badness 10000) in paragraph at lines 148--155
\T1/cmr/m/it/12 pu-ting\T1/cmr/m/n/12 .  On-line.  $\T1/cmtt/m/n/12 http : / / 
www . us-[]cert . gov / reading _ room /$
 []


Underfull \hbox (badness 1448) in paragraph at lines 148--155
$\T1/cmtt/m/n/12 USCERT-[]CloudComputingHuthCebula . pdf$\T1/cmr/m/n/12 .  Vers
ion:2011. --  Ab-ge-ru-fen
 []


Underfull \hbox (badness 10000) in paragraph at lines 162--168
$\T1/cmtt/m/n/12 / / www . agileweboperations . com / what-[]devops-[]means-[]f
or-[]enterprises$\T1/cmr/m/n/12 .
 []

[100]
Underfull \hbox (badness 2970) in paragraph at lines 170--176
[]\T1/cmr/m/sc/12 JFrog Inc.\T1/cmr/m/n/12 :  \T1/cmr/m/it/12 Ar-ti-fac-to-ry's
 REST API\T1/cmr/m/n/12 .  WWW.  $\T1/cmtt/m/n/12 http : / / wiki .$
 []


Underfull \hbox (badness 10000) in paragraph at lines 170--176
$\T1/cmtt/m/n/12 jfrog . org / confluence / display / RTF / Artifactory % 27s +
 REST + API #$
 []


Underfull \hbox (badness 10000) in paragraph at lines 200--206
[]\T1/cmr/m/sc/12 Mandrikov\T1/cmr/m/n/12 , Ev-ge-ny:  \T1/cmr/m/it/12 Mea-su-r
e Code Co-ver-a-ge by In-te-gra-tion
 []


Underfull \hbox (badness 10000) in paragraph at lines 200--206
\T1/cmr/m/it/12 Tests with So-nar\T1/cmr/m/n/12 .  WWW.  $\T1/cmtt/m/n/12 http 
: / / www . sonarsource . org /$
 []


Underfull \hbox (badness 10000) in paragraph at lines 200--206
$\T1/cmtt/m/n/12 measure-[]code-[]coverage-[]by-[]integration-[]tests-[]with-[]
sonar /$
 []


Underfull \hbox (badness 10000) in paragraph at lines 216--222
$\T1/cmtt/m/n/12 white-[]papers / Enterprise _ Continuous _ Delivery _ Maturity
 _ Model/$\T1/cmr/m/n/12 .
 []


Underfull \hbox (badness 10000) in paragraph at lines 224--231
[]\T1/cmr/m/sc/12 Minick\T1/cmr/m/n/12 , Eric:  \T1/cmr/m/it/12 Gart-ner al-so 
ob-ser-ves Dev-Ops mi-xing with
 []


Underfull \hbox (badness 10000) in paragraph at lines 224--231
\T1/cmr/m/it/12 ITIL\T1/cmr/m/n/12 .  WWW.  $\T1/cmtt/m/n/12 http : / / blogs .
 urbancode . com / uncategorized /$
 []


Underfull \hbox (badness 10000) in paragraph at lines 224--231
$\T1/cmtt/m/n/12 gartner-[]also-[]observes-[]devops-[]mixing-[]with-[]itil/$\T1
/cmr/m/n/12 .  Version:März
 []


Underfull \hbox (badness 2035) in paragraph at lines 249--255
[]\T1/cmr/m/sc/12 North\T1/cmr/m/n/12 , Dan:  \T1/cmr/m/it/12 In-tro-du-cing BD
D\T1/cmr/m/n/12 .  WWW.  $\T1/cmtt/m/n/12 http : / / dannorth . net /$
 []

[101]
Underfull \hbox (badness 10000) in paragraph at lines 286--292
$\T1/cmtt/m/n/12 agileweboperations . com / devops-[]state-[]of-[]the-[]nation-
[]by-[]chris-[]read$\T1/cmr/m/n/12 .
 []

[102]
Underfull \hbox (badness 10000) in paragraph at lines 363--370
[]\T1/cmr/m/sc/12 Teuteberg\T1/cmr/m/n/12 , Frank:  \T1/cmr/m/it/12 Com-p-li-an
-ce\T1/cmr/m/n/12 .  WWW.  $\T1/cmtt/m/n/12 http : / / www .$
 []


Underfull \hbox (badness 10000) in paragraph at lines 363--370
$\T1/cmtt/m/n/12 enzyklopaedie-[]der-[]wirtschaftsinformatik . de / wi-[]enzykl
opaedie /$
 []


Underfull \hbox (badness 10000) in paragraph at lines 363--370
$\T1/cmtt/m/n/12 lexikon / daten-[]wissen / Grundlagen-[]der-[]Informationsvers
orgung /$
 []


Underfull \hbox (badness 2205) in paragraph at lines 401--407
[]\T1/cmr/m/sc/12 ThoughtWorks, Inc.\T1/cmr/m/n/12 :  \T1/cmr/m/it/12 Go Pri-ci
ng and Sa-les\T1/cmr/m/n/12 .  WWW.  $\T1/cmtt/m/n/12 http :$
 []


Underfull \hbox (badness 10000) in paragraph at lines 401--407
$\T1/cmtt/m/n/12 / / www . thoughtworks-[]studios . com / go-[]agile-[]release-
[]management /$
 []


Underfull \hbox (badness 2689) in paragraph at lines 409--415
[]\T1/cmr/m/sc/12 ThoughtWorks, Inc.\T1/cmr/m/n/12 :  \T1/cmr/m/it/12 One-Click
 De-ploy-ment\T1/cmr/m/n/12 .  WWW.  $\T1/cmtt/m/n/12 http :$
 []


Underfull \hbox (badness 10000) in paragraph at lines 409--415
$\T1/cmtt/m/n/12 / / www . thoughtworks-[]studios . com / go-[]agile-[]release-
[]management$\T1/cmr/m/n/12 .
 []

[103]
Underfull \hbox (badness 10000) in paragraph at lines 439--446
[]\T1/cmr/m/sc/12 Wolff\T1/cmr/m/n/12 , Eber-hard:  \T1/cmr/m/it/12 Was En-t-er
-pri-ses von Star-tups ler-
 []


Underfull \hbox (badness 10000) in paragraph at lines 439--446
\T1/cmr/m/it/12 nen ko-en-nen\T1/cmr/m/n/12 .  On-line Blog.  $\T1/cmtt/m/n/12 
http : / / blog . adesso . de /$
 []


Underfull \hbox (badness 2426) in paragraph at lines 448--453
[]\T1/cmr/m/sc/12 Zeschke\T1/cmr/m/n/12 , Ro-bert:  \T1/cmr/m/it/12 Big Da-ta u
nd NoS-QL - Ver-gleich von NoSQL-
 []

) [104] [105

]
(C:\Users\André\Dropbox\Masterarbeit\Thesis\fragebogen_ci-team.tex

Package array Warning: Column L is already defined on input line 5.

Kapitel 1.
[1


] [2] [3] [4] [5] [6] [7]) [8]
(C:\Users\André\Dropbox\Masterarbeit\Thesis\Thesis.aux
(C:\Users\André\Dropbox\Masterarbeit\Thesis\chap_titlepage.aux)
(C:\Users\André\Dropbox\Masterarbeit\Thesis\chap_Einleitung.aux)
(C:\Users\André\Dropbox\Masterarbeit\Thesis\chap_entstehung_von_cd.aux)
(C:\Users\André\Dropbox\Masterarbeit\Thesis\chap_Konzepte.aux)
(C:\Users\André\Dropbox\Masterarbeit\Thesis\chap_entwicklungsstand.aux)
(C:\Users\André\Dropbox\Masterarbeit\Thesis\chap_werkzeuge.aux)
(C:\Users\André\Dropbox\Masterarbeit\Thesis\chap_umsetzung.aux)
(C:\Users\André\Dropbox\Masterarbeit\Thesis\chap_fazit.aux)
(C:\Users\André\Dropbox\Masterarbeit\Thesis\fragebogen_ci-team.aux)) ) 
Here is how much of TeX's memory you used:
 16079 strings out of 494049
 269738 string characters out of 3146065
 381791 words of memory out of 3000000
 18929 multiletter control sequences out of 15000+200000
 29566 words of font info for 71 fonts, out of 3000000 for 9000
 728 hyphenation exceptions out of 8191
 56i,9n,65p,2766b,1725s stack positions out of 5000i,500n,10000p,200000b,50000s
{C:/Progr
am Files (x86)/MiKTeX 2.9/fonts/enc/dvips/cm-super/cm-super-t1.enc}<C:/Program 
Files (x86)/MiKTeX 2.9/fonts/type1/public/amsfonts/cm/cmmi12.pfb><C:/Program Fi
les (x86)/MiKTeX 2.9/fonts/type1/public/amsfonts/cm/cmmi8.pfb><C:/Program Files
 (x86)/MiKTeX 2.9/fonts/type1/public/amsfonts/cm/cmr12.pfb><C:/Program Files (x
86)/MiKTeX 2.9/fonts/type1/public/amsfonts/cm/cmr7.pfb><C:/Program Files (x86)/
MiKTeX 2.9/fonts/type1/public/amsfonts/cm/cmr8.pfb><C:/Program Files (x86)/MiKT
eX 2.9/fonts/type1/public/amsfonts/cm/cmsy10.pfb><C:/Program Files (x86)/MiKTeX
 2.9/fonts/type1/public/amsfonts/latxfont/lcircle1.pfb><C:/Program Files (x86)/
MiKTeX 2.9/fonts/type1/public/cm-super/sfbx1000.pfb><C:/Program Files (x86)/MiK
TeX 2.9/fonts/type1/public/cm-super/sfbx1095.pfb><C:/Program Files (x86)/MiKTeX
 2.9/fonts/type1/public/cm-super/sfbx1440.pfb><C:/Program Files (x86)/MiKTeX 2.
9/fonts/type1/public/cm-super/sfcc1200.pfb><C:/Program Files (x86)/MiKTeX 2.9/f
onts/type1/public/cm-super/sfrm0700.pfb><C:/Program Files (x86)/MiKTeX 2.9/font
s/type1/public/cm-super/sfrm0800.pfb><C:/Program Files (x86)/MiKTeX 2.9/fonts/t
ype1/public/cm-super/sfrm1000.pfb><C:/Program Files (x86)/MiKTeX 2.9/fonts/type
1/public/cm-super/sfrm1095.pfb><C:/Program Files (x86)/MiKTeX 2.9/fonts/type1/p
ublic/cm-super/sfrm1200.pfb><C:/Program Files (x86)/MiKTeX 2.9/fonts/type1/publ
ic/cm-super/sfrm1440.pfb><C:/Program Files (x86)/MiKTeX 2.9/fonts/type1/public/
cm-super/sfrm2074.pfb><C:/Program Files (x86)/MiKTeX 2.9/fonts/type1/public/cm-
super/sfso1200.pfb><C:/Program Files (x86)/MiKTeX 2.9/fonts/type1/public/cm-sup
er/sfso1440.pfb><C:/Program Files (x86)/MiKTeX 2.9/fonts/type1/public/cm-super/
sfsx1200.pfb><C:/Program Files (x86)/MiKTeX 2.9/fonts/type1/public/cm-super/sfs
x1440.pfb><C:/Program Files (x86)/MiKTeX 2.9/fonts/type1/public/cm-super/sfsx17
28.pfb><C:/Program Files (x86)/MiKTeX 2.9/fonts/type1/public/cm-super/sfsx2488.
pfb><C:/Program Files (x86)/MiKTeX 2.9/fonts/type1/public/cm-super/sfti1000.pfb
><C:/Program Files (x86)/MiKTeX 2.9/fonts/type1/public/cm-super/sfti1095.pfb><C
:/Program Files (x86)/MiKTeX 2.9/fonts/type1/public/cm-super/sfti1200.pfb><C:/P
rogram Files (x86)/MiKTeX 2.9/fonts/type1/public/cm-super/sftt1000.pfb><C:/Prog
ram Files (x86)/MiKTeX 2.9/fonts/type1/public/cm-super/sftt1200.pfb>
Output written on Thesis.pdf (121 pages, 2836110 bytes).
PDF statistics:
 821 PDF objects out of 1000 (max. 8388607)
 0 named destinations out of 1000 (max. 500000)
 128 words of extra memory for PDF output out of 10000 (max. 10000000)

