\BOOKMARK [-1][-]{part.1}{Master-Thesis}{}% 1
\BOOKMARK [0][-]{chapter.1}{Einleitung und Zielstellung}{part.1}% 2
\BOOKMARK [0][-]{chapter.2}{Entstehung und Konzepte von Continuous Delivery}{part.1}% 3
\BOOKMARK [1][-]{section.2.1}{Die DevOps-Bewegung}{chapter.2}% 4
\BOOKMARK [1][-]{section.2.2}{Problemstellung von Continuous Delivery}{chapter.2}% 5
\BOOKMARK [1][-]{section.2.3}{Konzepte von Continuous Delivery}{chapter.2}% 6
\BOOKMARK [2][-]{subsection.2.3.1}{Feedback-Prozess}{section.2.3}% 7
\BOOKMARK [2][-]{subsection.2.3.2}{Zugewinn f\374r das Entwicklungsteam}{section.2.3}% 8
\BOOKMARK [2][-]{subsection.2.3.3}{Der Release Candidate}{section.2.3}% 9
\BOOKMARK [2][-]{subsection.2.3.4}{Implementierung eines wiederholbaren und verl\344sslichen Lieferprozess}{section.2.3}% 10
\BOOKMARK [1][-]{section.2.4}{Exkurs: ITIL und Continuous Delivery}{chapter.2}% 11
\BOOKMARK [1][-]{section.2.5}{Zusammenfassung}{chapter.2}% 12
\BOOKMARK [0][-]{chapter.3}{Deployment-Pipeline und Liefersystem}{part.1}% 13
\BOOKMARK [1][-]{section.3.1}{Continuous Integration}{chapter.3}% 14
\BOOKMARK [1][-]{section.3.2}{Erste L\366sungsstrategie f\374r die Deployment-Pipeline}{chapter.3}% 15
\BOOKMARK [1][-]{section.3.3}{Struktur der Deployment-Pipeline}{chapter.3}% 16
\BOOKMARK [2][-]{subsection.3.3.1}{Die Commit-Stage}{section.3.3}% 17
\BOOKMARK [2][-]{subsection.3.3.2}{Acceptance-Stage, User-Acceptance-Stage, Capacity-Stage und Produkction}{section.3.3}% 18
\BOOKMARK [2][-]{subsection.3.3.3}{Build- und Deployment-Scripting}{section.3.3}% 19
\BOOKMARK [1][-]{section.3.4}{Kritische Komponenten im Liefersystem}{chapter.3}% 20
\BOOKMARK [2][-]{subsection.3.4.1}{Datenbanken in der Deployment-Pipeline}{section.3.4}% 21
\BOOKMARK [2][-]{subsection.3.4.2}{Strategien f\374r die Versionsverwaltung}{section.3.4}% 22
\BOOKMARK [1][-]{section.3.5}{Implikationen f\374r das Liefersystem}{chapter.3}% 23
\BOOKMARK [0][-]{chapter.4}{Entwicklungsstand von Continuous Delivery bei adesso}{part.1}% 24
\BOOKMARK [1][-]{section.4.1}{Ausgangssituation f\374r die Untersuchung des Entwicklungsstandes}{chapter.4}% 25
\BOOKMARK [1][-]{section.4.2}{Erhebungsmethode zum Entwicklungsstand}{chapter.4}% 26
\BOOKMARK [1][-]{section.4.3}{Auswertung und Darstellung des Entwicklungsstandes}{chapter.4}% 27
\BOOKMARK [2][-]{subsection.4.3.1}{Phasen des derzeitigen Entwicklungs- und Auslieferungsprozesses}{section.4.3}% 28
\BOOKMARK [2][-]{subsection.4.3.2}{Commit-Stage}{section.4.3}% 29
\BOOKMARK [2][-]{subsection.4.3.3}{Qualit\344tssicherung und Acceptance-Stage}{section.4.3}% 30
\BOOKMARK [2][-]{subsection.4.3.4}{Deployment}{section.4.3}% 31
\BOOKMARK [1][-]{section.4.4}{Bewertung nach dem Maturity-Model}{chapter.4}% 32
\BOOKMARK [1][-]{section.4.5}{Ankn\374pfungspunkte f\374r Continuous Delivery}{chapter.4}% 33
\BOOKMARK [0][-]{chapter.5}{Werkzeuge f\374r Continuous Delivery}{part.1}% 34
\BOOKMARK [1][-]{section.5.1}{Kriterien f\374r die Evaluierung}{chapter.5}% 35
\BOOKMARK [2][-]{subsection.5.1.1}{Einordnung der Werkzeuge}{section.5.1}% 36
\BOOKMARK [2][-]{subsection.5.1.2}{Allgemeine Kriterien}{section.5.1}% 37
\BOOKMARK [2][-]{subsection.5.1.3}{Anforderungen f\374r Continuous Delivery}{section.5.1}% 38
\BOOKMARK [1][-]{section.5.2}{Evaluierung der Werkzeuge}{chapter.5}% 39
\BOOKMARK [2][-]{subsection.5.2.1}{go von Thoughtworks}{section.5.2}% 40
\BOOKMARK [2][-]{subsection.5.2.2}{Deployinator von Etsy}{section.5.2}% 41
\BOOKMARK [2][-]{subsection.5.2.3}{Drednot von Rackspace}{section.5.2}% 42
\BOOKMARK [1][-]{section.5.3}{Gegen\374berstellung}{chapter.5}% 43
\BOOKMARK [2][-]{subsection.5.3.1}{Modellierung der Deployment-Pipeline}{section.5.3}% 44
\BOOKMARK [2][-]{subsection.5.3.2}{Staging}{section.5.3}% 45
\BOOKMARK [2][-]{subsection.5.3.3}{Feedback}{section.5.3}% 46
\BOOKMARK [2][-]{subsection.5.3.4}{Konfiguration}{section.5.3}% 47
\BOOKMARK [2][-]{subsection.5.3.5}{Deployment}{section.5.3}% 48
\BOOKMARK [1][-]{section.5.4}{Zusammenfassung}{chapter.5}% 49
\BOOKMARK [0][-]{chapter.6}{Szenarien eines Auslieferungsprozesses}{part.1}% 50
\BOOKMARK [1][-]{section.6.1}{Szenario 1}{chapter.6}% 51
\BOOKMARK [2][-]{subsection.6.1.1}{Beschreibung und Projektaufbau}{section.6.1}% 52
\BOOKMARK [2][-]{subsection.6.1.2}{Ablauf der Deployment-Pipeline}{section.6.1}% 53
\BOOKMARK [1][-]{section.6.2}{Szenario 2}{chapter.6}% 54
\BOOKMARK [2][-]{subsection.6.2.1}{Beschreibung und Projektaufbau}{section.6.2}% 55
\BOOKMARK [2][-]{subsection.6.2.2}{Aufbau der Deployment-Pipeline}{section.6.2}% 56
\BOOKMARK [1][-]{section.6.3}{Zusammenfassung}{chapter.6}% 57
\BOOKMARK [0][-]{chapter.7}{Fazit}{part.1}% 58
\BOOKMARK [1][-]{section.7.1}{Erkenntnisse}{chapter.7}% 59
\BOOKMARK [1][-]{section.7.2}{Ausblick und Ankn\374pfungspunkte}{chapter.7}% 60
\BOOKMARK [-1][-]{part.2}{Anh\344nge}{}% 61
\BOOKMARK [0][-]{chapter.1}{Zusammenfassung Fragebogen CI-Team}{part.2}% 62
\BOOKMARK [1][-]{section.1.1}{Skizze / Phasen des derzeitigen Entwicklungs- und Auslieferungsprozesses}{chapter.1}% 63
\BOOKMARK [1][-]{section.1.2}{Commit-Stage}{chapter.1}% 64
\BOOKMARK [1][-]{section.1.3}{Acceptance-Stage}{chapter.1}% 65
\BOOKMARK [1][-]{section.1.4}{Deployment}{chapter.1}% 66
